<?xml version="1.0" encoding="UTF-8"?>
<!-- Generated by org.testng.reporters.JUnitReportReporter -->
<testsuite hostname="DESKTOP-TFS1HKJ" failures="0" tests="4" name="testCases.Test_Search_WithOut_Terma" time="2.198" errors="0" timestamp="2021-02-28T10:44:13 CST" skipped="0">
  <testcase classname="testCases.Test_Search_WithOut_Terma" name="testGooleSearch" time="2.108"/>
  <system-out/>
  <testcase classname="testCases.Test_Search_WithOut_Terma" name="verify_Title" time="0.010"/>
  <system-out/>
  <testcase classname="testCases.Test_Search_WithOut_Terma" name="about_Search_Results_Is_Appeard" time="0.038"/>
  <system-out/>
  <testcase classname="testCases.Test_Search_WithOut_Terma" name="verify_time_taken_less_than_second" time="0.042"/>
  <system-out/>
</testsuite> <!-- testCases.Test_Search_WithOut_Terma -->
