<?xml version="1.0" encoding="UTF-8"?>
<!-- Generated by org.testng.reporters.JUnitReportReporter -->
<testsuite hostname="DESKTOP-TFS1HKJ" failures="0" tests="4" name="testCases.Test_Search_WithOut_Terms" time="1.450" errors="0" timestamp="2021-03-01T00:36:21 CST" skipped="0">
  <testcase classname="testCases.Test_Search_WithOut_Terms" name="testGooleSearch" time="1.383"/>
  <system-out/>
  <testcase classname="testCases.Test_Search_WithOut_Terms" name="verify_Title" time="0.006"/>
  <system-out/>
  <testcase classname="testCases.Test_Search_WithOut_Terms" name="about_Search_Results_Is_Appeard" time="0.031"/>
  <system-out/>
  <testcase classname="testCases.Test_Search_WithOut_Terms" name="verify_time_taken_less_than_second" time="0.030"/>
  <system-out/>
</testsuite> <!-- testCases.Test_Search_WithOut_Terms -->
