<?xml version="1.0" encoding="UTF-8"?>
<!-- Generated by org.testng.reporters.JUnitReportReporter -->
<testsuite hostname="DESKTOP-TFS1HKJ" failures="0" tests="5" name="testCases.Test_Search_With_Terms" time="2.532" errors="0" timestamp="2021-03-01T00:36:21 CST" skipped="0">
  <testcase classname="testCases.Test_Search_With_Terms" name="testGooleSearch" time="2.146"/>
  <system-out/>
  <testcase classname="testCases.Test_Search_With_Terms" name="suggestion_question_is_Appeared" time="0.046"/>
  <system-out/>
  <testcase classname="testCases.Test_Search_With_Terms" name="display_Map" time="0.142"/>
  <system-out/>
  <testcase classname="testCases.Test_Search_With_Terms" name="verify_time_taken_less_than_second" time="0.119"/>
  <system-out/>
  <testcase classname="testCases.Test_Search_With_Terms" name="verify_search_result_will_appear_about_is_visible" time="0.079"/>
  <system-out/>
</testsuite> <!-- testCases.Test_Search_With_Terms -->
